\BOOKMARK [1][-]{section.1}{\376\377\000S\000u\000f\000f\000i\000x\000\040\000n\000o\000t\000a\000t\000i\000o\000n}{}% 1
\BOOKMARK [1][-]{section.2}{\376\377\000C\000a\000r\000t\000e\000s\000i\000a\000n\000\040\000t\000e\000n\000s\000o\000r\000s}{}% 2
\BOOKMARK [2][-]{subsection.2.1}{\376\377\000T\000r\000u\000e\000\040\000t\000e\000n\000s\000o\000r\000s}{section.2}% 3
\BOOKMARK [3][-]{subsubsection.2.1.1}{\376\377\000R\000a\000n\000k\000\040\0002\000\040\000q\000u\000o\000t\000i\000e\000n\000t\000\040\000t\000h\000e\000o\000r\000e\000m}{subsection.2.1}% 4
\BOOKMARK [3][-]{subsubsection.2.1.2}{\376\377\000G\000e\000n\000e\000r\000a\000l\000\040\000q\000u\000o\000t\000i\000e\000n\000t\000\040\000t\000h\000e\000o\000r\000e\000m}{subsection.2.1}% 5
\BOOKMARK [2][-]{subsection.2.2}{\376\377\000M\000a\000t\000r\000i\000c\000e\000s\000\040\000a\000s\000\040\000t\000e\000n\000s\000o\000r\000s}{section.2}% 6
\BOOKMARK [2][-]{subsection.2.3}{\376\377\000P\000s\000e\000u\000d\000o\000t\000e\000n\000s\000o\000r\000s}{section.2}% 7
\BOOKMARK [2][-]{subsection.2.4}{\376\377\000I\000n\000v\000a\000r\000i\000a\000n\000t\000\040\000t\000e\000n\000s\000o\000r\000s}{section.2}% 8
\BOOKMARK [2][-]{subsection.2.5}{\376\377\000R\000o\000t\000a\000t\000i\000o\000n\000\040\000t\000e\000n\000s\000o\000r\000s}{section.2}% 9
\BOOKMARK [2][-]{subsection.2.6}{\376\377\000R\000e\000f\000l\000e\000c\000t\000i\000o\000n\000s\000,\000\040\000i\000n\000v\000e\000r\000s\000i\000o\000n\000s\000\040\000a\000n\000d\000\040\000p\000r\000o\000j\000e\000c\000t\000i\000o\000n\000s}{section.2}% 10
\BOOKMARK [2][-]{subsection.2.7}{\376\377\000I\000n\000e\000r\000t\000i\000a\000\040\000t\000e\000n\000s\000o\000r\000s}{section.2}% 11
\BOOKMARK [1][-]{section.3}{\376\377\000T\000a\000y\000l\000o\000r\000\040\000e\000x\000p\000a\000n\000s\000i\000o\000n\000s}{}% 12
\BOOKMARK [2][-]{subsection.3.1}{\376\377\0001\000D\000\040\000e\000x\000p\000a\000n\000s\000i\000o\000n\000s}{section.3}% 13
\BOOKMARK [2][-]{subsection.3.2}{\376\377\0003\000D\000\040\000e\000x\000p\000a\000n\000s\000i\000o\000n\000s}{section.3}% 14
\BOOKMARK [1][-]{section.4}{\376\377\000V\000e\000c\000t\000o\000r\000\040\000c\000a\000l\000c\000u\000l\000u\000s}{}% 15
\BOOKMARK [2][-]{subsection.4.1}{\376\377\000V\000e\000c\000t\000o\000r\000\040\000o\000p\000e\000r\000a\000t\000o\000r\000s}{section.4}% 16
\BOOKMARK [3][-]{subsubsection.4.1.1}{\376\377\000G\000r\000a\000d\000i\000e\000n\000t}{subsection.4.1}% 17
\BOOKMARK [3][-]{subsubsection.4.1.2}{\376\377\000D\000i\000v\000e\000r\000g\000e\000n\000c\000e}{subsection.4.1}% 18
\BOOKMARK [3][-]{subsubsection.4.1.3}{\376\377\000C\000u\000r\000l}{subsection.4.1}% 19
\BOOKMARK [2][-]{subsection.4.2}{\376\377\000I\000n\000t\000e\000g\000r\000a\000l\000s\000\040\000t\000h\000e\000o\000r\000e\000m\000s}{section.4}% 20
\BOOKMARK [3][-]{subsubsection.4.2.1}{\376\377\000L\000i\000n\000e\000,\000\040\000v\000o\000l\000u\000m\000e\000\040\000a\000n\000d\000\040\000s\000u\000r\000f\000a\000c\000e\000\040\000i\000n\000t\000e\000g\000r\000a\000l\000s}{subsection.4.2}% 21
\BOOKMARK [3][-]{subsubsection.4.2.2}{\376\377\000D\000i\000v\000e\000r\000g\000e\000n\000c\000e\000\040\000t\000h\000e\000o\000r\000e\000m}{subsection.4.2}% 22
\BOOKMARK [3][-]{subsubsection.4.2.3}{\376\377\000S\000t\000o\000k\000e\000s\000'\000s\000\040\000t\000h\000e\000o\000r\000e\000m}{subsection.4.2}% 23
\BOOKMARK [1][-]{section.5}{\376\377\000C\000u\000r\000v\000i\000l\000i\000n\000e\000a\000r\000\040\000c\000o\000o\000r\000d\000i\000n\000a\000t\000e\000s}{}% 24
\BOOKMARK [2][-]{subsection.5.1}{\376\377\000O\000r\000t\000h\000o\000g\000o\000n\000a\000l\000\040\000c\000u\000r\000v\000i\000l\000i\000n\000e\000a\000r\000\040\000c\000o\000o\000r\000d\000i\000n\000a\000t\000e\000s}{section.5}% 25
\BOOKMARK [3][-]{subsubsection.5.1.1}{\376\377\000S\000c\000a\000l\000e\000\040\000f\000a\000c\000t\000o\000r\000s\000\040\000a\000n\000d\000\040\000b\000a\000s\000i\000s\000\040\000v\000e\000c\000t\000o\000r\000s}{subsection.5.1}% 26
\BOOKMARK [3][-]{subsubsection.5.1.2}{\376\377\000C\000y\000l\000i\000n\000d\000r\000i\000c\000a\000l\000\040\000c\000o\000o\000r\000d\000i\000n\000a\000t\000e\000s}{subsection.5.1}% 27
\BOOKMARK [3][-]{subsubsection.5.1.3}{\376\377\000S\000p\000h\000e\000r\000i\000c\000a\000l\000\040\000c\000o\000o\000r\000d\000i\000n\000a\000t\000e\000s}{subsection.5.1}% 28
\BOOKMARK [2][-]{subsection.5.2}{\376\377\000L\000e\000n\000g\000t\000h\000,\000\040\000a\000r\000e\000a\000\040\000a\000n\000d\000\040\000v\000o\000l\000u\000m\000e}{section.5}% 29
\BOOKMARK [3][-]{subsubsection.5.2.1}{\376\377\000V\000e\000c\000t\000o\000r\000\040\000a\000n\000d\000\040\000a\000r\000c\000\040\000l\000e\000n\000g\000t\000h}{subsection.5.2}% 30
\BOOKMARK [3][-]{subsubsection.5.2.2}{\376\377\000V\000e\000c\000t\000o\000r\000\040\000a\000r\000e\000a}{subsection.5.2}% 31
\BOOKMARK [3][-]{subsubsection.5.2.3}{\376\377\000V\000o\000l\000u\000m\000e}{subsection.5.2}% 32
\BOOKMARK [2][-]{subsection.5.3}{\376\377\000V\000e\000c\000t\000o\000r\000\040\000o\000p\000e\000r\000a\000t\000o\000r\000s\000\040\000i\000n\000\040\000O\000C\000C\000s}{section.5}% 33
\BOOKMARK [3][-]{subsubsection.5.3.1}{\376\377\000G\000r\000a\000d\000i\000e\000n\000t}{subsection.5.3}% 34
\BOOKMARK [1][-]{section.6}{\376\377\000E\000l\000e\000c\000t\000r\000o\000s\000t\000a\000t\000i\000c\000s}{}% 35
\BOOKMARK [2][-]{subsection.6.1}{\376\377\000D\000i\000r\000a\000c\000\040\000d\000e\000l\000t\000a\000\040\000f\000u\000n\000c\000t\000i\000o\000n}{section.6}% 36
\BOOKMARK [2][-]{subsection.6.2}{\376\377\000C\000o\000u\000l\000o\000m\000b\000'\000s\000\040\000l\000a\000w}{section.6}% 37
\BOOKMARK [2][-]{subsection.6.3}{\376\377\000E\000l\000e\000c\000t\000r\000o\000s\000t\000a\000t\000i\000c\000\040\000M\000a\000x\000w\000e\000l\000l\000'\000s\000\040\000e\000q\000u\000a\000t\000i\000o\000n\000s}{section.6}% 38
\BOOKMARK [3][-]{subsubsection.6.3.1}{\376\377\000C\000u\000r\000l\000\040\000e\000q\000u\000a\000t\000i\000o\000n}{subsection.6.3}% 39
\BOOKMARK [3][-]{subsubsection.6.3.2}{\376\377\000D\000i\000v\000e\000r\000g\000e\000n\000c\000e\000\040\000e\000q\000u\000a\000t\000i\000o\000n}{subsection.6.3}% 40
\BOOKMARK [2][-]{subsection.6.4}{\376\377\000E\000l\000e\000c\000t\000r\000i\000c\000\040\000d\000i\000p\000o\000l\000e\000s}{section.6}% 41
\BOOKMARK [3][-]{subsubsection.6.4.1}{\376\377\000P\000o\000t\000e\000n\000t\000i\000a\000l\000\040\000a\000n\000d\000\040\000e\000l\000e\000c\000t\000r\000i\000c\000\040\000f\000i\000e\000l\000d}{subsection.6.4}% 42
\BOOKMARK [3][-]{subsubsection.6.4.2}{\376\377\000F\000o\000r\000c\000e\000,\000\040\000t\000o\000r\000q\000u\000e\000\040\000a\000n\000d\000\040\000e\000n\000e\000r\000g\000y}{subsection.6.4}% 43
\BOOKMARK [3][-]{subsubsection.6.4.3}{\376\377\000M\000u\000l\000t\000i\000d\000i\000p\000o\000l\000e\000\040\000e\000x\000p\000a\000n\000s\000i\000o\000n}{subsection.6.4}% 44
\BOOKMARK [2][-]{subsection.6.5}{\376\377\000G\000a\000u\000s\000s\000'\000s\000\040\000l\000a\000w}{section.6}% 45
\BOOKMARK [3][-]{subsubsection.6.5.1}{\376\377\000B\000o\000u\000n\000d\000a\000r\000i\000e\000s}{subsection.6.5}% 46
\BOOKMARK [3][-]{subsubsection.6.5.2}{\376\377\000C\000o\000n\000d\000u\000c\000t\000o\000r\000s}{subsection.6.5}% 47
\BOOKMARK [2][-]{subsection.6.6}{\376\377\000P\000o\000i\000s\000s\000o\000n\000'\000s\000\040\000e\000q\000u\000a\000t\000i\000o\000n}{section.6}% 48
\BOOKMARK [3][-]{subsubsection.6.6.1}{\376\377\000E\000x\000i\000s\000t\000e\000n\000c\000e\000\040\000a\000n\000d\000\040\000u\000n\000i\000q\000u\000e\000n\000e\000s\000s\000\040\000o\000f\000\040\000s\000o\000l\000u\000t\000i\000o\000n\000s}{subsection.6.6}% 49
\BOOKMARK [2][-]{subsection.6.7}{\376\377\000C\000a\000p\000a\000c\000i\000t\000o\000r\000s}{section.6}% 50
\BOOKMARK [1][-]{section.7}{\376\377\000M\000a\000g\000n\000e\000t\000o\000s\000t\000a\000t\000i\000c\000s}{}% 51
\BOOKMARK [2][-]{subsection.7.1}{\376\377\000C\000u\000r\000r\000e\000n\000t\000s}{section.7}% 52
