\BOOKMARK [1][-]{section.1}{\376\377\000R\000e\000a\000l\000\040\000n\000u\000m\000b\000e\000r\000s}{}% 1
\BOOKMARK [2][-]{subsection.1.1}{\376\377\000P\000r\000o\000p\000e\000r\000t\000i\000e\000s\000\040\000o\000f\000\040\000r\000e\000a\000l\000\040\000n\000u\000m\000b\000e\000r\000s}{section.1}% 2
\BOOKMARK [2][-]{subsection.1.2}{\376\377\000N\000e\000s\000t\000e\000d\000\040\000i\000n\000t\000e\000r\000v\000a\000l\000\040\000p\000r\000o\000p\000e\000r\000t\000y\000\040\000a\000n\000d\000\040\000c\000o\000m\000p\000a\000c\000t\000n\000e\000s\000s}{section.1}% 3
\BOOKMARK [2][-]{subsection.1.3}{\376\377\000T\000r\000i\000a\000n\000g\000l\000e\000\040\000i\000n\000e\000q\000u\000a\000l\000i\000t\000i\000e\000s}{section.1}% 4
\BOOKMARK [1][-]{section.2}{\376\377\000R\000e\000a\000l\000\040\000s\000e\000q\000u\000e\000n\000c\000e\000s}{}% 5
\BOOKMARK [1][-]{section.3}{\376\377\000I\000n\000f\000i\000n\000i\000t\000e\000\040\000s\000e\000r\000i\000e\000s}{}% 6
\BOOKMARK [1][-]{section.4}{\376\377\000C\000o\000n\000t\000i\000n\000u\000i\000t\000y\000\040\000a\000n\000d\000\040\000d\000i\000f\000f\000e\000r\000e\000n\000t\000i\000a\000b\000i\000l\000i\000t\000y}{}% 7
\BOOKMARK [1][-]{section.5}{\376\377\000P\000o\000i\000n\000t\000w\000i\000s\000e\000\040\000a\000n\000d\000\040\000u\000n\000i\000f\000o\000r\000m\000\040\000c\000o\000n\000v\000e\000r\000g\000e\000n\000c\000e}{}% 8
\BOOKMARK [1][-]{section.6}{\376\377\000P\000o\000w\000e\000r\000\040\000s\000e\000r\000i\000e\000s}{}% 9
\BOOKMARK [1][-]{section.7}{\376\377\000L\000e\000b\000e\000s\000g\000u\000e\000\040\000i\000n\000t\000e\000g\000r\000a\000t\000i\000o\000n}{}% 10
\BOOKMARK [2][-]{subsection.7.1}{\376\377\000C\000h\000a\000r\000a\000c\000t\000e\000r\000i\000s\000t\000i\000c\000\040\000a\000n\000d\000\040\000s\000t\000e\000p\000\040\000f\000u\000n\000c\000t\000i\000o\000n\000s}{section.7}% 11
\BOOKMARK [2][-]{subsection.7.2}{\376\377\000L\000e\000b\000e\000s\000g\000u\000e\000\040\000i\000n\000t\000e\000g\000r\000a\000l\000s}{section.7}% 12
\BOOKMARK [3][-]{subsubsection.7.2.1}{\376\377\000P\000r\000o\000p\000e\000r\000t\000i\000e\000s\000\040\000o\000f\000\040\000L\000e\000b\000e\000s\000g\000u\000e\000\040\000i\000n\000t\000e\000g\000r\000a\000l\000s}{subsection.7.2}% 13
\BOOKMARK [3][-]{subsubsection.7.2.2}{\376\377\000I\000n\000t\000e\000g\000r\000a\000t\000i\000o\000n\000\040\000o\000n\000\040\000s\000u\000b\000i\000n\000t\000e\000r\000v\000a\000l\000s}{subsection.7.2}% 14
\BOOKMARK [3][-]{subsubsection.7.2.3}{\376\377\000M\000a\000c\000l\000a\000u\000r\000i\000n\000-\000C\000a\000u\000c\000h\000y\000\040\000i\000n\000t\000e\000g\000r\000a\000l\000\040\000t\000e\000s\000t}{subsection.7.2}% 15
\BOOKMARK [2][-]{subsection.7.3}{\376\377\000R\000i\000e\000m\000a\000n\000n\000\040\000i\000n\000t\000e\000g\000r\000a\000l\000s}{section.7}% 16
\BOOKMARK [2][-]{subsection.7.4}{\376\377\000F\000u\000n\000d\000a\000m\000e\000n\000t\000a\000l\000\040\000t\000h\000e\000o\000r\000e\000m\000\040\000o\000f\000\040\000c\000a\000l\000c\000u\000l\000u\000s}{section.7}% 17
\BOOKMARK [2][-]{subsection.7.5}{\376\377\000I\000n\000t\000e\000g\000r\000a\000t\000i\000o\000n\000\040\000o\000f\000\040\000s\000e\000q\000u\000e\000n\000c\000e\000s}{section.7}% 18
\BOOKMARK [3][-]{subsubsection.7.5.1}{\376\377\000M\000o\000n\000o\000t\000o\000n\000e\000\040\000c\000o\000n\000v\000e\000r\000g\000e\000n\000c\000e\000\040\000f\000o\000r\000\040\000i\000n\000t\000e\000g\000r\000a\000t\000i\000o\000n}{subsection.7.5}% 19
\BOOKMARK [3][-]{subsubsection.7.5.2}{\376\377\000F\000a\000t\000o\000u\000x\000'\000s\000\040\000l\000e\000m\000m\000a}{subsection.7.5}% 20
\BOOKMARK [1][-]{section.8}{\376\377\000F\000o\000u\000r\000i\000e\000r\000\040\000a\000n\000a\000l\000y\000s\000i\000s}{}% 21
\BOOKMARK [2][-]{subsection.8.1}{\376\377\000L\0002\000\040\000s\000p\000a\000c\000e}{section.8}% 22
\BOOKMARK [2][-]{subsection.8.2}{\376\377\000F\000o\000u\000r\000i\000e\000r\000\040\000s\000e\000r\000i\000e\000s}{section.8}% 23
\BOOKMARK [2][-]{subsection.8.3}{\376\377\000C\000o\000n\000v\000e\000r\000g\000e\000n\000c\000e\000\040\000o\000f\000\040\000F\000o\000u\000r\000i\000e\000r\000\040\000s\000e\000r\000i\000e\000s}{section.8}% 24
\BOOKMARK [3][-]{subsubsection.8.3.1}{\376\377\000A\000p\000p\000r\000o\000x\000i\000m\000a\000t\000i\000o\000n\000s}{subsection.8.3}% 25
\BOOKMARK [3][-]{subsubsection.8.3.2}{\376\377\000L\0002\000\040\000c\000o\000n\000v\000e\000r\000g\000e\000n\000c\000e}{subsection.8.3}% 26
\BOOKMARK [3][-]{subsubsection.8.3.3}{\376\377\000P\000o\000i\000n\000t\000w\000i\000s\000e\000\040\000c\000o\000n\000v\000e\000r\000g\000e\000n\000c\000e}{subsection.8.3}% 27
