\BOOKMARK [1][-]{section.1}{\376\377\000Z\000e\000r\000o\000t\000h\000\040\000l\000a\000w}{}% 1
\BOOKMARK [1][-]{section.2}{\376\377\000D\000e\000f\000i\000n\000i\000t\000i\000o\000n\000s}{}% 2
\BOOKMARK [2][-]{subsection.2.1}{\376\377\000I\000d\000e\000a\000l\000\040\000g\000a\000s\000\040\000s\000t\000a\000t\000e\000\040\000e\000q\000u\000a\000t\000i\000o\000n}{section.2}% 3
\BOOKMARK [2][-]{subsection.2.2}{\376\377\000S\000y\000s\000t\000e\000m\000s\000\040\000a\000n\000d\000\040\000p\000r\000o\000c\000e\000s\000s\000e\000s}{section.2}% 4
\BOOKMARK [1][-]{section.3}{\376\377\000I\000s\000o\000t\000h\000e\000r\000m\000a\000l\000\040\000e\000x\000p\000a\000n\000s\000i\000o\000n}{}% 5
\BOOKMARK [1][-]{section.4}{\376\377\000F\000i\000r\000s\000t\000\040\000l\000a\000w}{}% 6
\BOOKMARK [1][-]{section.5}{\376\377\000H\000e\000a\000t\000\040\000c\000a\000p\000a\000c\000i\000t\000i\000e\000s}{}% 7
\BOOKMARK [1][-]{section.6}{\376\377\000E\000n\000t\000h\000a\000l\000p\000y}{}% 8
\BOOKMARK [2][-]{subsection.6.1}{\376\377\000S\000t\000a\000t\000e\000\040\000f\000u\000n\000c\000t\000i\000o\000n\000\040\000e\000n\000t\000h\000a\000l\000p\000y}{section.6}% 9
\BOOKMARK [2][-]{subsection.6.2}{\376\377\000L\000a\000t\000e\000n\000t\000\040\000h\000e\000a\000t\000s}{section.6}% 10
\BOOKMARK [2][-]{subsection.6.3}{\376\377\000C\000o\000n\000s\000t\000a\000n\000t\000\040\000p\000r\000e\000s\000s\000u\000r\000e\000\040\000e\000x\000p\000a\000n\000s\000i\000o\000n}{section.6}% 11
\BOOKMARK [2][-]{subsection.6.4}{\376\377\000F\000i\000l\000l\000i\000n\000g\000\040\000e\000m\000p\000t\000y\000\040\000t\000a\000n\000k}{section.6}% 12
\BOOKMARK [2][-]{subsection.6.5}{\376\377\000C\000h\000e\000m\000i\000c\000a\000l\000\040\000r\000e\000a\000c\000t\000i\000o\000n\000s}{section.6}% 13
\BOOKMARK [1][-]{section.7}{\376\377\000H\000e\000a\000t\000\040\000e\000n\000g\000i\000n\000e\000s}{}% 14
\BOOKMARK [1][-]{section.8}{\376\377\000E\000n\000t\000r\000o\000p\000y}{}% 15
\BOOKMARK [2][-]{subsection.8.1}{\376\377\000S\000t\000a\000t\000e\000\040\000f\000u\000n\000c\000t\000i\000o\000n\000\040\000e\000n\000t\000r\000o\000p\000y}{section.8}% 16
\BOOKMARK [2][-]{subsection.8.2}{\376\377\000E\000n\000t\000r\000o\000p\000y\000\040\000o\000f\000\040\000i\000d\000e\000a\000l\000\040\000g\000a\000s\000e\000s}{section.8}% 17
\BOOKMARK [2][-]{subsection.8.3}{\376\377\000E\000n\000t\000r\000o\000p\000y\000\040\000o\000f\000\040\000m\000i\000x\000i\000n\000g}{section.8}% 18
\BOOKMARK [2][-]{subsection.8.4}{\376\377\000M\000e\000a\000s\000u\000r\000i\000n\000g\000\040\000e\000n\000t\000r\000o\000p\000y}{section.8}% 19
\BOOKMARK [1][-]{section.9}{\376\377\000S\000e\000c\000o\000n\000d\000\040\000l\000a\000w}{}% 20
\BOOKMARK [2][-]{subsection.9.1}{\376\377\000R\000e\000v\000e\000r\000s\000i\000b\000i\000l\000i\000t\000y}{section.9}% 21
\BOOKMARK [2][-]{subsection.9.2}{\376\377\000S\000e\000c\000o\000n\000d\000\040\000l\000a\000w}{section.9}% 22
\BOOKMARK [1][-]{section.10}{\376\377\000H\000e\000l\000m\000h\000o\000l\000t\000z\000\040\000a\000n\000d\000\040\000G\000i\000b\000b\000s\000\040\000f\000r\000e\000e\000\040\000e\000n\000e\000r\000g\000y}{}% 23
\BOOKMARK [1][-]{section.11}{\376\377\000M\000a\000x\000w\000e\000l\000l\000\040\000r\000e\000l\000a\000t\000i\000o\000n\000s}{}% 24
\BOOKMARK [2][-]{subsection.11.1}{\376\377\000D\000e\000r\000i\000v\000a\000t\000i\000o\000n}{section.11}% 25
\BOOKMARK [2][-]{subsection.11.2}{\376\377\000A\000p\000p\000l\000i\000c\000a\000t\000i\000o\000n\000s}{section.11}% 26
\BOOKMARK [3][-]{subsubsection.11.2.1}{\376\377\000I\000d\000e\000a\000l\000\040\000g\000a\000s\000\040\000i\000n\000t\000e\000r\000n\000a\000l\000\040\000e\000n\000e\000r\000g\000y}{subsection.11.2}% 27
\BOOKMARK [3][-]{subsubsection.11.2.2}{\376\377\000D\000i\000f\000f\000e\000r\000e\000n\000c\000e\000\040\000i\000n\000\040\000h\000e\000a\000t\000\040\000c\000a\000p\000a\000c\000i\000t\000i\000e\000s}{subsection.11.2}% 28
\BOOKMARK [3][-]{subsubsection.11.2.3}{\376\377\000L\000i\000q\000u\000e\000f\000y\000i\000n\000g\000\040\000g\000a\000s\000e\000s}{subsection.11.2}% 29
\BOOKMARK [1][-]{section.12}{\376\377\000P\000h\000a\000s\000e\000\040\000t\000r\000a\000n\000s\000i\000t\000i\000o\000n\000s}{}% 30
\BOOKMARK [2][-]{subsection.12.1}{\376\377\000P\000T\000\040\000d\000i\000a\000g\000r\000a\000m\000s}{section.12}% 31
\BOOKMARK [2][-]{subsection.12.2}{\376\377\000V\000a\000n\000\040\000d\000e\000r\000\040\000W\000a\000a\000l\000s\000\040\000s\000t\000a\000t\000e\000\040\000e\000q\000u\000a\000t\000i\000o\000n}{section.12}% 32
\BOOKMARK [3][-]{subsubsection.12.2.1}{\376\377\000H\000e\000l\000m\000h\000o\000l\000t\000z\000\040\000a\000n\000d\000\040\000G\000i\000b\000b\000s\000\040\000f\000r\000e\000e\000\040\000e\000n\000e\000r\000g\000i\000e\000s}{subsection.12.2}% 33
\BOOKMARK [2][-]{subsection.12.3}{\376\377\000P\000V\000\040\000d\000i\000a\000g\000r\000a\000m\000s}{section.12}% 34
\BOOKMARK [1][-]{section.13}{\376\377\000C\000h\000e\000m\000i\000c\000a\000l\000\040\000p\000o\000t\000e\000n\000t\000i\000a\000l\000s}{}% 35
\BOOKMARK [1][-]{section.14}{\376\377\000T\000h\000i\000r\000d\000\040\000l\000a\000w}{}% 36
